<?xml version='1.0' encoding='UTF-8'?>
<testsuite hostname="1x-nat-vl931-172-30-131-182.wireless.umass.edu" name="TestSuite" tests="5" errors="0" failures="1" skipped="0" time="0.097">
                     <properties>
      <property name="awt.toolkit" value="sun.lwawt.macosx.LWCToolkit"/><property name="java.specification.version" value="9"/><property name="sun.cpu.isalist" value=""/><property name="sun.jnu.encoding" value="UTF-8"/><property name="sun.arch.data.model" value="64"/><property name="java.vendor.url" value="http://java.oracle.com/"/><property name="sun.boot.library.path" value="/Library/Java/JavaVirtualMachines/jdk-9.0.4.jdk/Contents/Home/lib"/><property name="sun.java.command" value="/usr/local/Cellar/sbt/1.1.0/libexec/bin/sbt-launch.jar test"/><property name="jdk.debug" value="release"/><property name="java.specification.vendor" value="Oracle Corporation"/><property name="java.home" value="/Library/Java/JavaVirtualMachines/jdk-9.0.4.jdk/Contents/Home"/><property name="file.separator" value="/"/><property name="java.vm.compressedOopsMode" value="Zero based"/><property name="line.separator" value="
"/><property name="java.specification.name" value="Java Platform API Specification"/><property name="java.vm.specification.vendor" value="Oracle Corporation"/><property name="sun.management.compiler" value="HotSpot 64-Bit Tiered Compilers"/><property name="java.runtime.version" value="9.0.4+11"/><property name="user.name" value="jerryfu"/><property name="file.encoding" value="UTF-8"/><property name="java.io.tmpdir" value="/var/folders/dk/zsk7hf856730r_w67yw9f87h0000gn/T/"/><property name="java.version" value="9.0.4"/><property name="java.vm.specification.name" value="Java Virtual Machine Specification"/><property name="java.awt.printerjob" value="sun.lwawt.macosx.CPrinterJob"/><property name="sun.os.patch.level" value="unknown"/><property name="java.library.path" value="/Users/jerryfu/Library/Java/Extensions:/Library/Java/Extensions:/Network/Library/Java/Extensions:/System/Library/Java/Extensions:/usr/lib/java:."/><property name="java.vendor" value="Oracle Corporation"/><property name="scala.ext.dirs" value="/Users/jerryfu/.sbt/0.13/java9-rt-ext-oracle_corporation_9_0_4"/><property name="sun.io.unicode.encoding" value="UnicodeBig"/><property name="socksNonProxyHosts" value="local|*.local|169.254/16|*.169.254/16"/><property name="gopherProxySet" value="false"/><property name="file.encoding.pkg" value="sun.io"/><property name="java.class.path" value="/usr/local/Cellar/sbt/1.1.0/libexec/bin/sbt-launch.jar"/><property name="java.vm.vendor" value="Oracle Corporation"/><property name="jline.shutdownhook" value="false"/><property name="user.timezone" value="America/New_York"/><property name="os.name" value="Mac OS X"/><property name="java.vm.specification.version" value="9"/><property name="sun.java.launcher" value="SUN_STANDARD"/><property name="user.country" value="US"/><property name="http.nonProxyHosts" value="local|*.local|169.254/16|*.169.254/16"/><property name="sun.cpu.endian" value="little"/><property name="user.home" value="/Users/jerryfu"/><property name="user.language" value="en"/><property name="java.awt.graphicsenv" value="sun.awt.CGraphicsEnvironment"/><property name="jline.esc.timeout" value="0"/><property name="ftp.nonProxyHosts" value="local|*.local|169.254/16|*.169.254/16"/><property name="path.separator" value=":"/><property name="os.version" value="10.13.4"/><property name="java.runtime.name" value="Java(TM) SE Runtime Environment"/><property name="java.vm.name" value="Java HotSpot(TM) 64-Bit Server VM"/><property name="java.vendor.url.bug" value="http://bugreport.java.com/bugreport/"/><property name="user.dir" value="/Users/jerryfu/scala-sudoku"/><property name="os.arch" value="x86_64"/><property name="java.vm.info" value="mixed mode"/><property name="java.vm.version" value="9.0.4+11"/><property name="java.class.version" value="53.0"/>
    </properties>
                     <testcase classname="TestSuite" name="The solution object must be defined" time="0.057">
                                                 
                                               </testcase><testcase classname="TestSuite" name="valAT" time="0.004">
                                                 
                                               </testcase><testcase classname="TestSuite" name="peers" time="0.001">
                                                 
                                               </testcase><testcase classname="TestSuite" name="place" time="0.002">
                                                 
                                               </testcase><testcase classname="TestSuite" name="Solve" time="0.033">
                                                 <failure message="requirement failed" type="java.lang.IllegalArgumentException">java.lang.IllegalArgumentException: requirement failed
	at scala.Predef$.require(Predef.scala:264)
	at Board.place(Main.scala:123)
	at Board.numRemoval(Main.scala:153)
	at Board.place(Main.scala:130)
	at Board.numRemoval(Main.scala:153)
	at Board.place(Main.scala:130)
	at Board.numRemoval(Main.scala:153)
	at Board.numRemoval(Main.scala:153)
	at Board.numRemoval(Main.scala:153)
	at Board.place(Main.scala:130)
	at Board.numRemoval(Main.scala:153)
	at Board.numRemoval(Main.scala:161)
	at Board.numRemoval(Main.scala:153)
	at Board.numRemoval(Main.scala:161)
	at Board.numRemoval(Main.scala:161)
	at Board.numRemoval(Main.scala:161)
	at Board.numRemoval(Main.scala:161)
	at Board.place(Main.scala:130)
	at Board.numRemoval(Main.scala:153)
	at Board.numRemoval(Main.scala:161)
	at Board.numRemoval(Main.scala:161)
	at Board.numRemoval(Main.scala:161)
	at Board.place(Main.scala:130)
	at Board.numRemoval(Main.scala:153)
	at Board.numRemoval(Main.scala:161)
	at Board.numRemoval(Main.scala:161)
	at Board.numRemoval(Main.scala:161)
	at Board.place(Main.scala:130)
	at Board.numRemoval(Main.scala:153)
	at Board.numRemoval(Main.scala:161)
	at Board.numRemoval(Main.scala:161)
	at Board.numRemoval(Main.scala:161)
	at Board.numRemoval(Main.scala:161)
	at Board.numRemoval(Main.scala:161)
	at Board.numRemoval(Main.scala:161)
	at Board.numRemoval(Main.scala:161)
	at Board.numRemoval(Main.scala:161)
	at Board.numRemoval(Main.scala:161)
	at Board.numRemoval(Main.scala:161)
	at Board.place(Main.scala:130)
	at Board.numRemoval(Main.scala:153)
	at Board.numRemoval(Main.scala:161)
	at Board.numRemoval(Main.scala:161)
	at Board.numRemoval(Main.scala:161)
	at Board.numRemoval(Main.scala:161)
	at Board.place(Main.scala:130)
	at Board.numRemoval(Main.scala:153)
	at Board.numRemoval(Main.scala:161)
	at Board.place(Main.scala:130)
	at Board.$anonfun$allBoards$1(Main.scala:233)
	at Board.$anonfun$allBoards$1$adapted(Main.scala:233)
	at scala.collection.immutable.List.map(List.scala:287)
	at Board.allBoards(Main.scala:233)
	at Board.allBoards(Main.scala:235)
	at Board.allBoards(Main.scala:233)
	at Board.allBoards(Main.scala:235)
	at Board.allBoards(Main.scala:233)
	at Board.allBoards(Main.scala:233)
	at Board.allBoards(Main.scala:233)
	at Board.allBoards(Main.scala:233)
	at Board.allBoards(Main.scala:233)
	at Board.allBoards(Main.scala:235)
	at Board.allBoards(Main.scala:233)
	at Board.allBoards(Main.scala:233)
	at Board.allBoards(Main.scala:233)
	at Board.allBoards(Main.scala:233)
	at Board.allBoards(Main.scala:233)
	at Board.allBoards(Main.scala:233)
	at Board.allBoards(Main.scala:235)
	at Board.allBoards(Main.scala:233)
	at Board.allBoards(Main.scala:233)
	at Board.allBoards(Main.scala:235)
	at Board.allBoards(Main.scala:233)
	at Board.allBoards(Main.scala:233)
	at Board.allBoards(Main.scala:233)
	at Board.allBoards(Main.scala:233)
	at Board.allBoards(Main.scala:233)
	at Board.allBoards(Main.scala:233)
	at Board.allBoards(Main.scala:235)
	at Board.allBoards(Main.scala:233)
	at Board.allBoards(Main.scala:235)
	at Board.allBoards(Main.scala:235)
	at Board.allBoards(Main.scala:233)
	at Board.allBoards(Main.scala:233)
	at Board.allBoards(Main.scala:235)
	at Board.allBoards(Main.scala:235)
	at Board.allBoards(Main.scala:233)
	at Board.allBoards(Main.scala:233)
	at Board.allBoards(Main.scala:233)
	at Board.allBoards(Main.scala:233)
	at Board.allBoards(Main.scala:233)
	at Board.allBoards(Main.scala:235)
	at Board.allBoards(Main.scala:233)
	at Board.nextStates(Main.scala:225)
	at Board.solve(Main.scala:269)
	at TestSuite.$anonfun$new$5(Tests.scala:44)
	at org.scalatest.OutcomeOf.outcomeOf(OutcomeOf.scala:85)
	at org.scalatest.OutcomeOf.outcomeOf$(OutcomeOf.scala:83)
	at org.scalatest.OutcomeOf$.outcomeOf(OutcomeOf.scala:104)
	at org.scalatest.Transformer.apply(Transformer.scala:22)
	at org.scalatest.Transformer.apply(Transformer.scala:20)
	at org.scalatest.FunSuiteLike$$anon$1.apply(FunSuiteLike.scala:186)
	at org.scalatest.TestSuite.withFixture(TestSuite.scala:196)
	at org.scalatest.TestSuite.withFixture$(TestSuite.scala:195)
	at org.scalatest.FunSuite.withFixture(FunSuite.scala:1560)
	at org.scalatest.FunSuiteLike.invokeWithFixture$1(FunSuiteLike.scala:184)
	at org.scalatest.FunSuiteLike.$anonfun$runTest$1(FunSuiteLike.scala:196)
	at org.scalatest.SuperEngine.runTestImpl(Engine.scala:289)
	at org.scalatest.FunSuiteLike.runTest(FunSuiteLike.scala:196)
	at org.scalatest.FunSuiteLike.runTest$(FunSuiteLike.scala:178)
	at org.scalatest.FunSuite.runTest(FunSuite.scala:1560)
	at org.scalatest.FunSuiteLike.$anonfun$runTests$1(FunSuiteLike.scala:229)
	at org.scalatest.SuperEngine.$anonfun$runTestsInBranch$1(Engine.scala:396)
	at scala.collection.immutable.List.foreach(List.scala:389)
	at org.scalatest.SuperEngine.traverseSubNodes$1(Engine.scala:384)
	at org.scalatest.SuperEngine.runTestsInBranch(Engine.scala:379)
	at org.scalatest.SuperEngine.runTestsImpl(Engine.scala:461)
	at org.scalatest.FunSuiteLike.runTests(FunSuiteLike.scala:229)
	at org.scalatest.FunSuiteLike.runTests$(FunSuiteLike.scala:228)
	at org.scalatest.FunSuite.runTests(FunSuite.scala:1560)
	at org.scalatest.Suite.run(Suite.scala:1147)
	at org.scalatest.Suite.run$(Suite.scala:1129)
	at org.scalatest.FunSuite.org$scalatest$FunSuiteLike$$super$run(FunSuite.scala:1560)
	at org.scalatest.FunSuiteLike.$anonfun$run$1(FunSuiteLike.scala:233)
	at org.scalatest.SuperEngine.runImpl(Engine.scala:521)
	at org.scalatest.FunSuiteLike.run(FunSuiteLike.scala:233)
	at org.scalatest.FunSuiteLike.run$(FunSuiteLike.scala:232)
	at org.scalatest.FunSuite.run(FunSuite.scala:1560)
	at org.scalatest.tools.Framework.org$scalatest$tools$Framework$$runSuite(Framework.scala:314)
	at org.scalatest.tools.Framework$ScalaTestTask.execute(Framework.scala:507)
	at sbt.TestRunner.runTest$1(TestFramework.scala:102)
	at sbt.TestRunner.run(TestFramework.scala:113)
	at sbt.TestFramework$$anon$2$$anonfun$$lessinit$greater$1.$anonfun$apply$1(TestFramework.scala:258)
	at sbt.TestFramework$.sbt$TestFramework$$withContextLoader(TestFramework.scala:229)
	at sbt.TestFramework$$anon$2$$anonfun$$lessinit$greater$1.apply(TestFramework.scala:258)
	at sbt.TestFramework$$anon$2$$anonfun$$lessinit$greater$1.apply(TestFramework.scala:258)
	at sbt.TestFunction.apply(TestFramework.scala:267)
	at sbt.Tests$.processRunnable$1(Tests.scala:303)
	at sbt.Tests$.$anonfun$makeSerial$1(Tests.scala:309)
	at sbt.std.Transform$$anon$3.$anonfun$apply$2(System.scala:44)
	at sbt.std.Transform$$anon$4.work(System.scala:64)
	at sbt.Execute.$anonfun$submit$2(Execute.scala:257)
	at sbt.internal.util.ErrorHandling$.wideConvert(ErrorHandling.scala:16)
	at sbt.Execute.work(Execute.scala:266)
	at sbt.Execute.$anonfun$submit$1(Execute.scala:257)
	at sbt.ConcurrentRestrictions$$anon$4.$anonfun$submitValid$1(ConcurrentRestrictions.scala:167)
	at sbt.CompletionService$$anon$2.call(CompletionService.scala:32)
	at java.base/java.util.concurrent.FutureTask.run(FutureTask.java:264)
	at java.base/java.util.concurrent.Executors$RunnableAdapter.call(Executors.java:514)
	at java.base/java.util.concurrent.FutureTask.run(FutureTask.java:264)
	at java.base/java.util.concurrent.ThreadPoolExecutor.runWorker(ThreadPoolExecutor.java:1167)
	at java.base/java.util.concurrent.ThreadPoolExecutor$Worker.run(ThreadPoolExecutor.java:641)
	at java.base/java.lang.Thread.run(Thread.java:844)
</failure>
                                               </testcase>
                     <system-out><![CDATA[]]></system-out>
                     <system-err><![CDATA[]]></system-err>
                   </testsuite>