<?xml version='1.0' encoding='UTF-8'?>
<testsuite hostname="1x-nat-vl931-172-30-131-182.wireless.umass.edu" name="TestSuite" tests="5" errors="0" failures="1" skipped="0" time="0.097">
                     <properties>
[...]
</properties>
                     <testcase classname="TestSuite" name="The solution object must be defined" time="0.057">
                                                 
                                               </testcase><testcase classname="TestSuite" name="valAT" time="0.004">
                                                 
                                               </testcase><testcase classname="TestSuite" name="peers" time="0.001">
                                                 
                                               </testcase><testcase classname="TestSuite" name="place" time="0.002">
                                                 
                                               </testcase><testcase classname="TestSuite" name="Solve" time="0.033">
                                                 <failure message="requirement failed" type="java.lang.IllegalArgumentException">java.lang.IllegalArgumentException: requirement failed
	at scala.Predef$.require(Predef.scala:264)
	at Board.place(Main.scala:123)
	at Board.numRemoval(Main.scala:153)
	at Board.place(Main.scala:130)
	at Board.numRemoval(Main.scala:153)
	at Board.place(Main.scala:130)
	at Board.numRemoval(Main.scala:153)
	at Board.numRemoval(Main.scala:153)
	at Board.numRemoval(Main.scala:153)
	at Board.place(Main.scala:130)
	at Board.numRemoval(Main.scala:153)
	at Board.numRemoval(Main.scala:161)
	at Board.numRemoval(Main.scala:153)
	at Board.numRemoval(Main.scala:161)
	at Board.numRemoval(Main.scala:161)
	at Board.numRemoval(Main.scala:161)
	at Board.numRemoval(Main.scala:161)
	at Board.place(Main.scala:130)
	at Board.numRemoval(Main.scala:153)
	at Board.numRemoval(Main.scala:161)
	at Board.numRemoval(Main.scala:161)
	at Board.numRemoval(Main.scala:161)
	at Board.place(Main.scala:130)
	at Board.numRemoval(Main.scala:153)
	at Board.numRemoval(Main.scala:161)
	at Board.numRemoval(Main.scala:161)
	at Board.numRemoval(Main.scala:161)
	at Board.place(Main.scala:130)
	at Board.numRemoval(Main.scala:153)
	at Board.numRemoval(Main.scala:161)
	at Board.numRemoval(Main.scala:161)
	at Board.numRemoval(Main.scala:161)
	at Board.numRemoval(Main.scala:161)
	at Board.numRemoval(Main.scala:161)
	at Board.numRemoval(Main.scala:161)
	at Board.numRemoval(Main.scala:161)
	at Board.numRemoval(Main.scala:161)
	at Board.numRemoval(Main.scala:161)
	at Board.numRemoval(Main.scala:161)
	at Board.place(Main.scala:130)
	at Board.numRemoval(Main.scala:153)
	at Board.numRemoval(Main.scala:161)
	at Board.numRemoval(Main.scala:161)
	at Board.numRemoval(Main.scala:161)
	at Board.numRemoval(Main.scala:161)
	at Board.place(Main.scala:130)
	at Board.numRemoval(Main.scala:153)
	at Board.numRemoval(Main.scala:161)
	at Board.place(Main.scala:130)
	at Board.$anonfun$allBoards$1(Main.scala:233)
	at Board.$anonfun$allBoards$1$adapted(Main.scala:233)
	at scala.collection.immutable.List.map(List.scala:287)
	at Board.allBoards(Main.scala:233)
	at Board.allBoards(Main.scala:235)
	at Board.allBoards(Main.scala:233)
	at Board.allBoards(Main.scala:235)
	at Board.allBoards(Main.scala:233)
	at Board.allBoards(Main.scala:233)
	at Board.allBoards(Main.scala:233)
	at Board.allBoards(Main.scala:233)
	at Board.allBoards(Main.scala:233)
	at Board.allBoards(Main.scala:235)
	at Board.allBoards(Main.scala:233)
	at Board.allBoards(Main.scala:233)
	at Board.allBoards(Main.scala:233)
	at Board.allBoards(Main.scala:233)
	at Board.allBoards(Main.scala:233)
	at Board.allBoards(Main.scala:233)
	at Board.allBoards(Main.scala:235)
	at Board.allBoards(Main.scala:233)
	at Board.allBoards(Main.scala:233)
	at Board.allBoards(Main.scala:235)
	at Board.allBoards(Main.scala:233)
	at Board.allBoards(Main.scala:233)
	at Board.allBoards(Main.scala:233)
	at Board.allBoards(Main.scala:233)
	at Board.allBoards(Main.scala:233)
	at Board.allBoards(Main.scala:233)
	at Board.allBoards(Main.scala:235)
	at Board.allBoards(Main.scala:233)
	at Board.allBoards(Main.scala:235)
	at Board.allBoards(Main.scala:235)
	at Board.allBoards(Main.scala:233)
	at Board.allBoards(Main.scala:233)
	at Board.allBoards(Main.scala:235)
	at Board.allBoards(Main.scala:235)
	at Board.allBoards(Main.scala:233)
	at Board.allBoards(Main.scala:233)
	at Board.allBoards(Main.scala:233)
	at Board.allBoards(Main.scala:233)
	at Board.allBoards(Main.scala:233)
	at Board.allBoards(Main.scala:235)
	at Board.allBoards(Main.scala:233)
	at Board.nextStates(Main.scala:225)
	at Board.solve(Main.scala:269)
	at TestSuite.$anonfun$new$5(Tests.scala:44)
	at org.scalatest.OutcomeOf.outcomeOf(OutcomeOf.scala:85)
	at org.scalatest.OutcomeOf.outcomeOf$(OutcomeOf.scala:83)
	at org.scalatest.OutcomeOf$.outcomeOf(OutcomeOf.scala:104)
	at org.scalatest.Transformer.apply(Transformer.scala:22)
	at org.scalatest.Transformer.apply(Transformer.scala:20)
	at org.scalatest.FunSuiteLike$$anon$1.apply(FunSuiteLike.scala:186)
	at org.scalatest.TestSuite.withFixture(TestSuite.scala:196)
	at org.scalatest.TestSuite.withFixture$(TestSuite.scala:195)
	at org.scalatest.FunSuite.withFixture(FunSuite.scala:1560)
	at org.scalatest.FunSuiteLike.invokeWithFixture$1(FunSuiteLike.scala:184)
	at org.scalatest.FunSuiteLike.$anonfun$runTest$1(FunSuiteLike.scala:196)
	at org.scalatest.SuperEngine.runTestImpl(Engine.scala:289)
	at org.scalatest.FunSuiteLike.runTest(FunSuiteLike.scala:196)
	at org.scalatest.FunSuiteLike.runTest$(FunSuiteLike.scala:178)
	at org.scalatest.FunSuite.runTest(FunSuite.scala:1560)
	at org.scalatest.FunSuiteLike.$anonfun$runTests$1(FunSuiteLike.scala:229)
	at org.scalatest.SuperEngine.$anonfun$runTestsInBranch$1(Engine.scala:396)
	at scala.collection.immutable.List.foreach(List.scala:389)
	at org.scalatest.SuperEngine.traverseSubNodes$1(Engine.scala:384)
	at org.scalatest.SuperEngine.runTestsInBranch(Engine.scala:379)
	at org.scalatest.SuperEngine.runTestsImpl(Engine.scala:461)
	at org.scalatest.FunSuiteLike.runTests(FunSuiteLike.scala:229)
	at org.scalatest.FunSuiteLike.runTests$(FunSuiteLike.scala:228)
	at org.scalatest.FunSuite.runTests(FunSuite.scala:1560)
	at org.scalatest.Suite.run(Suite.scala:1147)
	at org.scalatest.Suite.run$(Suite.scala:1129)
	at org.scalatest.FunSuite.org$scalatest$FunSuiteLike$$super$run(FunSuite.scala:1560)
	at org.scalatest.FunSuiteLike.$anonfun$run$1(FunSuiteLike.scala:233)
	at org.scalatest.SuperEngine.runImpl(Engine.scala:521)
	at org.scalatest.FunSuiteLike.run(FunSuiteLike.scala:233)
	at org.scalatest.FunSuiteLike.run$(FunSuiteLike.scala:232)
	at org.scalatest.FunSuite.run(FunSuite.scala:1560)
	at org.scalatest.tools.Framework.org$scalatest$tools$Framework$$runSuite(Framework.scala:314)
	at org.scalatest.tools.Framework$ScalaTestTask.execute(Framework.scala:507)
	at sbt.TestRunner.runTest$1(TestFramework.scala:102)
	at sbt.TestRunner.run(TestFramework.scala:113)
	at sbt.TestFramework$$anon$2$$anonfun$$lessinit$greater$1.$anonfun$apply$1(TestFramework.scala:258)
	at sbt.TestFramework$.sbt$TestFramework$$withContextLoader(TestFramework.scala:229)
	at sbt.TestFramework$$anon$2$$anonfun$$lessinit$greater$1.apply(TestFramework.scala:258)
	at sbt.TestFramework$$anon$2$$anonfun$$lessinit$greater$1.apply(TestFramework.scala:258)
	at sbt.TestFunction.apply(TestFramework.scala:267)
	at sbt.Tests$.processRunnable$1(Tests.scala:303)
	at sbt.Tests$.$anonfun$makeSerial$1(Tests.scala:309)
	at sbt.std.Transform$$anon$3.$anonfun$apply$2(System.scala:44)
	at sbt.std.Transform$$anon$4.work(System.scala:64)
	at sbt.Execute.$anonfun$submit$2(Execute.scala:257)
	at sbt.internal.util.ErrorHandling$.wideConvert(ErrorHandling.scala:16)
	at sbt.Execute.work(Execute.scala:266)
	at sbt.Execute.$anonfun$submit$1(Execute.scala:257)
	at sbt.ConcurrentRestrictions$$anon$4.$anonfun$submitValid$1(ConcurrentRestrictions.scala:167)
	at sbt.CompletionService$$anon$2.call(CompletionService.scala:32)
	at java.base/java.util.concurrent.FutureTask.run(FutureTask.java:264)
	at java.base/java.util.concurrent.Executors$RunnableAdapter.call(Executors.java:514)
	at java.base/java.util.concurrent.FutureTask.run(FutureTask.java:264)
	at java.base/java.util.concurrent.ThreadPoolExecutor.runWorker(ThreadPoolExecutor.java:1167)
	at java.base/java.util.concurrent.ThreadPoolExecutor$Worker.run(ThreadPoolExecutor.java:641)
	at java.base/java.lang.Thread.run(Thread.java:844)
</failure>
                                               </testcase>
                     <system-out><![CDATA[]]></system-out>
                     <system-err><![CDATA[]]></system-err>
                   </testsuite>