<?xml version='1.0' encoding='UTF-8'?>
<testsuite hostname="1x-nat-vl931-172-30-163-116.wireless.umass.edu" name="TestSuite" tests="41" errors="0" failures="0" skipped="0" time="0.052">
                     <properties>
[...]
</properties>
                     <testcase classname="TestSuite" name="oddNumbers properly defined" time="0.035">
                                                 
                                               </testcase><testcase classname="TestSuite" name="sumDouble basic test" time="0.0">
                                                 
                                               </testcase><testcase classname="TestSuite" name="sumDouble negative test" time="0.0">
                                                 
                                               </testcase><testcase classname="TestSuite" name="sumDouble empty test" time="0.001">
                                                 
                                               </testcase><testcase classname="TestSuite" name="removeZeros basic test" time="0.001">
                                                 
                                               </testcase><testcase classname="TestSuite" name="removeZeros all zeros test" time="0.0">
                                                 
                                               </testcase><testcase classname="TestSuite" name="removeZeros no zeros test" time="0.001">
                                                 
                                               </testcase><testcase classname="TestSuite" name="removeZeros empty test" time="0.0">
                                                 
                                               </testcase><testcase classname="TestSuite" name="countEvens basic test" time="0.0">
                                                 
                                               </testcase><testcase classname="TestSuite" name="countEvens negative test" time="0.0">
                                                 
                                               </testcase><testcase classname="TestSuite" name="countEvens no evens test" time="0.0">
                                                 
                                               </testcase><testcase classname="TestSuite" name="countEvens all evens test" time="0.002">
                                                 
                                               </testcase><testcase classname="TestSuite" name="countEvens empty test" time="0.0">
                                                 
                                               </testcase><testcase classname="TestSuite" name="removeAlternating oddCount test" time="0.0">
                                                 
                                               </testcase><testcase classname="TestSuite" name="removeAlternating evenCount test" time="0.0">
                                                 
                                               </testcase><testcase classname="TestSuite" name="removeAlternating empty test" time="0.0">
                                                 
                                               </testcase><testcase classname="TestSuite" name="Helper firstVal basic test" time="0.0">
                                                 
                                               </testcase><testcase classname="TestSuite" name="isAscending false test" time="0.0">
                                                 
                                               </testcase><testcase classname="TestSuite" name="isAscending repetition false test" time="0.0">
                                                 
                                               </testcase><testcase classname="TestSuite" name="isAscending negative included false test" time="0.0">
                                                 
                                               </testcase><testcase classname="TestSuite" name="isAscending true test" time="0.0">
                                                 
                                               </testcase><testcase classname="TestSuite" name="isAscending repetition true test" time="0.0">
                                                 
                                               </testcase><testcase classname="TestSuite" name="isAscending negative included true test" time="0.0">
                                                 
                                               </testcase><testcase classname="TestSuite" name="addSub oddCount test" time="0.0">
                                                 
                                               </testcase><testcase classname="TestSuite" name="addSub evenCount test" time="0.0">
                                                 
                                               </testcase><testcase classname="TestSuite" name="addSub empty test" time="0.001">
                                                 
                                               </testcase><testcase classname="TestSuite" name="alternating basic test" time="0.003">
                                                 
                                               </testcase><testcase classname="TestSuite" name="alternating fail test" time="0.001">
                                                 
                                               </testcase><testcase classname="TestSuite" name="alternating repetition test" time="0.001">
                                                 
                                               </testcase><testcase classname="TestSuite" name="fromTo basic test" time="0.001">
                                                 
                                               </testcase><testcase classname="TestSuite" name="fromTo empty test" time="0.001">
                                                 
                                               </testcase><testcase classname="TestSuite" name="fromTo error test" time="0.001">
                                                 
                                               </testcase><testcase classname="TestSuite" name="insertOrdered basic test" time="0.001">
                                                 
                                               </testcase><testcase classname="TestSuite" name="insertOrdered duplicate test" time="0.0">
                                                 
                                               </testcase><testcase classname="TestSuite" name="insertOrdered empty test" time="0.0">
                                                 
                                               </testcase><testcase classname="TestSuite" name="sort basic test" time="0.0">
                                                 
                                               </testcase><testcase classname="TestSuite" name="sort empty test" time="0.0">
                                                 
                                               </testcase><testcase classname="TestSuite" name="sort repetition test" time="0.001">
                                                 
                                               </testcase><testcase classname="TestSuite" name="quickSort basic test (Its literally called in sort)" time="0.001">
                                                 
                                               </testcase><testcase classname="TestSuite" name="allLT basic test" time="0.0">
                                                 
                                               </testcase><testcase classname="TestSuite" name="allGTE basic test" time="0.0">
                                                 
                                               </testcase>
                     <system-out><![CDATA[]]></system-out>
                     <system-err><![CDATA[]]></system-err>
                   </testsuite>